0 info it worked if it ends with ok
1 verbose cli [ '/usr/bin/nodejs', '/usr/bin/npm', 'install', 'rpi-433' ]
2 info using npm@2.14.12
3 info using node@v4.2.4
4 verbose install initial load of /home/valentin/prog/EasyFlap/package.json
5 verbose readDependencies loading dependencies from /home/valentin/prog/EasyFlap/package.json
6 silly cache add args [ 'rpi-433', null ]
7 verbose cache add spec rpi-433
8 silly cache add parsed spec Result {
8 silly cache add   raw: 'rpi-433',
8 silly cache add   scope: null,
8 silly cache add   name: 'rpi-433',
8 silly cache add   rawSpec: '',
8 silly cache add   spec: 'latest',
8 silly cache add   type: 'tag' }
9 silly addNamed rpi-433@latest
10 verbose addNamed "latest" is being treated as a dist-tag for rpi-433
11 info addNameTag [ 'rpi-433', 'latest' ]
12 silly mapToRegistry name rpi-433
13 silly mapToRegistry using default registry
14 silly mapToRegistry registry https://registry.npmjs.org/
15 silly mapToRegistry uri https://registry.npmjs.org/rpi-433
16 verbose addNameTag registry:https://registry.npmjs.org/rpi-433 not in flight; fetching
17 verbose request uri https://registry.npmjs.org/rpi-433
18 verbose request no auth needed
19 info attempt registry request try #1 at 8:35:34 PM
20 verbose request id c768ec264ef0868b
21 verbose etag "3BW0VWA6SXV2PIP3WBPI6U3T3"
22 http request GET https://registry.npmjs.org/rpi-433
23 http 304 https://registry.npmjs.org/rpi-433
24 verbose headers { date: 'Sat, 02 Jan 2016 19:35:34 GMT',
24 verbose headers   via: '1.1 varnish',
24 verbose headers   'cache-control': 'max-age=300',
24 verbose headers   etag: '"3BW0VWA6SXV2PIP3WBPI6U3T3"',
24 verbose headers   age: '0',
24 verbose headers   connection: 'keep-alive',
24 verbose headers   'x-served-by': 'cache-ams4142-AMS',
24 verbose headers   'x-cache': 'MISS',
24 verbose headers   'x-cache-hits': '0',
24 verbose headers   'x-timer': 'S1451763334.911009,VS0,VE918',
24 verbose headers   vary: 'Accept' }
25 silly get cb [ 304,
25 silly get   { date: 'Sat, 02 Jan 2016 19:35:34 GMT',
25 silly get     via: '1.1 varnish',
25 silly get     'cache-control': 'max-age=300',
25 silly get     etag: '"3BW0VWA6SXV2PIP3WBPI6U3T3"',
25 silly get     age: '0',
25 silly get     connection: 'keep-alive',
25 silly get     'x-served-by': 'cache-ams4142-AMS',
25 silly get     'x-cache': 'MISS',
25 silly get     'x-cache-hits': '0',
25 silly get     'x-timer': 'S1451763334.911009,VS0,VE918',
25 silly get     vary: 'Accept' } ]
26 verbose etag https://registry.npmjs.org/rpi-433 from cache
27 verbose get saving rpi-433 to /home/valentin/.npm/registry.npmjs.org/rpi-433/.cache.json
28 silly addNameTag next cb for rpi-433 with tag latest
29 silly addNamed rpi-433@1.1.1
30 verbose addNamed "1.1.1" is a plain semver version for rpi-433
31 silly cache afterAdd rpi-433@1.1.1
32 verbose afterAdd /home/valentin/.npm/rpi-433/1.1.1/package/package.json not in flight; writing
33 verbose afterAdd /home/valentin/.npm/rpi-433/1.1.1/package/package.json written
34 silly install resolved [ { name: 'rpi-433',
34 silly install resolved     version: '1.1.1',
34 silly install resolved     description: 'NodeJS module to send and receive decimal codes through 433Mhz device on RaspberryPI 2',
34 silly install resolved     main: 'index.js',
34 silly install resolved     dependencies: { underscore: '^1.8.3' },
34 silly install resolved     repository:
34 silly install resolved      { type: 'git',
34 silly install resolved        url: 'git+ssh://git@github.com/eroak/rpi-433.git' },
34 silly install resolved     devDependencies: {},
34 silly install resolved     scripts:
34 silly install resolved      { test: 'echo "Error: no test specified" && exit 1',
34 silly install resolved        install: 'mkdir ./build && cd ./src && /usr/bin/make' },
34 silly install resolved     keywords:
34 silly install resolved      [ 'raspberry',
34 silly install resolved        '433mhz',
34 silly install resolved        'sniffer',
34 silly install resolved        'send',
34 silly install resolved        'receive',
34 silly install resolved        'nodejs',
34 silly install resolved        'outlets',
34 silly install resolved        'radio',
34 silly install resolved        'code',
34 silly install resolved        'wiringpi',
34 silly install resolved        'rc',
34 silly install resolved        'gpio' ],
34 silly install resolved     author: { name: 'eroak', email: 'mr.eroak@gmail.com' },
34 silly install resolved     license: 'ISC',
34 silly install resolved     gitHead: '1815014cdc4a1db86e9935e8f65961dd720999d3',
34 silly install resolved     bugs: { url: 'https://github.com/eroak/rpi-433/issues' },
34 silly install resolved     homepage: 'https://github.com/eroak/rpi-433#readme',
34 silly install resolved     _id: 'rpi-433@1.1.1',
34 silly install resolved     _shasum: '8cffec2c4abe53e35ec6d32f129c8af5bc097ce8',
34 silly install resolved     _from: 'rpi-433@latest',
34 silly install resolved     _npmVersion: '2.10.1',
34 silly install resolved     _nodeVersion: '0.12.4',
34 silly install resolved     _npmUser: { name: 'eroak', email: 'mr.eroak@gmail.com' },
34 silly install resolved     dist:
34 silly install resolved      { shasum: '8cffec2c4abe53e35ec6d32f129c8af5bc097ce8',
34 silly install resolved        tarball: 'http://registry.npmjs.org/rpi-433/-/rpi-433-1.1.1.tgz' },
34 silly install resolved     maintainers: [ [Object] ],
34 silly install resolved     directories: {},
34 silly install resolved     _resolved: 'https://registry.npmjs.org/rpi-433/-/rpi-433-1.1.1.tgz',
34 silly install resolved     readme: 'ERROR: No README data found!' } ]
35 info install rpi-433@1.1.1 into /home/valentin/prog/EasyFlap
36 info installOne rpi-433@1.1.1
37 verbose installOne of rpi-433 to /home/valentin/prog/EasyFlap not in flight; installing
38 verbose lock using /home/valentin/.npm/_locks/rpi-433-fa806a612cc2ec2a.lock for /home/valentin/prog/EasyFlap/node_modules/rpi-433
39 silly install write writing rpi-433 1.1.1 to /home/valentin/prog/EasyFlap/node_modules/rpi-433
40 verbose unbuild node_modules/rpi-433
41 silly gentlyRm /home/valentin/prog/EasyFlap/node_modules/rpi-433 is being purged from base /home/valentin/prog/EasyFlap
42 verbose gentlyRm don't care about contents; nuking /home/valentin/prog/EasyFlap/node_modules/rpi-433
43 verbose tar unpack /home/valentin/.npm/rpi-433/1.1.1/package.tgz
44 verbose tar unpacking to /home/valentin/prog/EasyFlap/node_modules/rpi-433
45 silly gentlyRm /home/valentin/prog/EasyFlap/node_modules/rpi-433 is being purged
46 verbose gentlyRm don't care about contents; nuking /home/valentin/prog/EasyFlap/node_modules/rpi-433
47 silly gunzTarPerm modes [ '755', '644' ]
48 silly gunzTarPerm extractEntry package.json
49 silly gunzTarPerm extractEntry .npmignore
50 silly gunzTarPerm extractEntry README.md
51 silly gunzTarPerm modified mode [ 'README.md', 436, 420 ]
52 silly gunzTarPerm extractEntry index.js
53 silly gunzTarPerm extractEntry src/Makefile
54 silly gunzTarPerm extractEntry src/RCSwitch.cpp
55 silly gunzTarPerm extractEntry src/RCSwitch.h
56 silly gunzTarPerm modified mode [ 'src/RCSwitch.h', 436, 420 ]
57 silly gunzTarPerm extractEntry src/RFSniffer.cpp
58 silly gunzTarPerm extractEntry src/codesend.cpp
59 verbose write writing to /home/valentin/prog/EasyFlap/node_modules/rpi-433/package.json
60 info preinstall rpi-433@1.1.1
61 verbose readDependencies loading dependencies from /home/valentin/prog/EasyFlap/node_modules/rpi-433/package.json
62 silly prepareForInstallMany adding underscore@^1.8.3 from rpi-433 dependencies
63 verbose readDependencies loading dependencies from /home/valentin/prog/EasyFlap/node_modules/rpi-433/package.json
64 silly cache add args [ 'underscore@^1.8.3', null ]
65 verbose cache add spec underscore@^1.8.3
66 silly cache add parsed spec Result {
66 silly cache add   raw: 'underscore@^1.8.3',
66 silly cache add   scope: null,
66 silly cache add   name: 'underscore',
66 silly cache add   rawSpec: '^1.8.3',
66 silly cache add   spec: '>=1.8.3 <2.0.0',
66 silly cache add   type: 'range' }
67 silly addNamed underscore@>=1.8.3 <2.0.0
68 verbose addNamed ">=1.8.3 <2.0.0" is a valid semver range for underscore
69 silly addNameRange { name: 'underscore', range: '>=1.8.3 <2.0.0', hasData: false }
70 silly mapToRegistry name underscore
71 silly mapToRegistry using default registry
72 silly mapToRegistry registry https://registry.npmjs.org/
73 silly mapToRegistry uri https://registry.npmjs.org/underscore
74 verbose addNameRange registry:https://registry.npmjs.org/underscore not in flight; fetching
75 verbose request uri https://registry.npmjs.org/underscore
76 verbose request no auth needed
77 info attempt registry request try #1 at 8:35:36 PM
78 verbose etag "6U44LBIVT4HB8ZBGWA7U4O4BO"
79 http request GET https://registry.npmjs.org/underscore
80 http 304 https://registry.npmjs.org/underscore
81 verbose headers { date: 'Sat, 02 Jan 2016 19:35:36 GMT',
81 verbose headers   via: '1.1 varnish',
81 verbose headers   'cache-control': 'max-age=300',
81 verbose headers   etag: '"6U44LBIVT4HB8ZBGWA7U4O4BO"',
81 verbose headers   age: '299',
81 verbose headers   connection: 'keep-alive',
81 verbose headers   'x-served-by': 'cache-ams4121-AMS',
81 verbose headers   'x-cache': 'HIT',
81 verbose headers   'x-cache-hits': '4',
81 verbose headers   'x-timer': 'S1451763336.176278,VS0,VE0',
81 verbose headers   vary: 'Accept' }
82 silly get cb [ 304,
82 silly get   { date: 'Sat, 02 Jan 2016 19:35:36 GMT',
82 silly get     via: '1.1 varnish',
82 silly get     'cache-control': 'max-age=300',
82 silly get     etag: '"6U44LBIVT4HB8ZBGWA7U4O4BO"',
82 silly get     age: '299',
82 silly get     connection: 'keep-alive',
82 silly get     'x-served-by': 'cache-ams4121-AMS',
82 silly get     'x-cache': 'HIT',
82 silly get     'x-cache-hits': '4',
82 silly get     'x-timer': 'S1451763336.176278,VS0,VE0',
82 silly get     vary: 'Accept' } ]
83 verbose etag https://registry.npmjs.org/underscore from cache
84 verbose get saving underscore to /home/valentin/.npm/registry.npmjs.org/underscore/.cache.json
85 silly addNameRange number 2 { name: 'underscore', range: '>=1.8.3 <2.0.0', hasData: true }
86 silly addNameRange versions [ 'underscore',
86 silly addNameRange   [ '1.0.3',
86 silly addNameRange     '1.0.4',
86 silly addNameRange     '1.1.0',
86 silly addNameRange     '1.1.1',
86 silly addNameRange     '1.1.2',
86 silly addNameRange     '1.1.3',
86 silly addNameRange     '1.1.4',
86 silly addNameRange     '1.1.5',
86 silly addNameRange     '1.1.6',
86 silly addNameRange     '1.1.7',
86 silly addNameRange     '1.2.0',
86 silly addNameRange     '1.2.1',
86 silly addNameRange     '1.2.2',
86 silly addNameRange     '1.2.3',
86 silly addNameRange     '1.2.4',
86 silly addNameRange     '1.3.0',
86 silly addNameRange     '1.3.1',
86 silly addNameRange     '1.3.2',
86 silly addNameRange     '1.3.3',
86 silly addNameRange     '1.4.0',
86 silly addNameRange     '1.4.1',
86 silly addNameRange     '1.4.2',
86 silly addNameRange     '1.4.3',
86 silly addNameRange     '1.4.4',
86 silly addNameRange     '1.5.0',
86 silly addNameRange     '1.5.1',
86 silly addNameRange     '1.5.2',
86 silly addNameRange     '1.6.0',
86 silly addNameRange     '1.7.0',
86 silly addNameRange     '1.8.0',
86 silly addNameRange     '1.8.1',
86 silly addNameRange     '1.8.2',
86 silly addNameRange     '1.8.3' ] ]
87 silly addNamed underscore@1.8.3
88 verbose addNamed "1.8.3" is a plain semver version for underscore
89 silly cache afterAdd underscore@1.8.3
90 verbose afterAdd /home/valentin/.npm/underscore/1.8.3/package/package.json not in flight; writing
91 verbose afterAdd /home/valentin/.npm/underscore/1.8.3/package/package.json written
92 silly install resolved [ { name: 'underscore',
92 silly install resolved     description: 'JavaScript\'s functional programming helper library.',
92 silly install resolved     homepage: 'http://underscorejs.org',
92 silly install resolved     keywords: [ 'util', 'functional', 'server', 'client', 'browser' ],
92 silly install resolved     author: { name: 'Jeremy Ashkenas', email: 'jeremy@documentcloud.org' },
92 silly install resolved     repository:
92 silly install resolved      { type: 'git',
92 silly install resolved        url: 'git://github.com/jashkenas/underscore.git' },
92 silly install resolved     main: 'underscore.js',
92 silly install resolved     version: '1.8.3',
92 silly install resolved     devDependencies:
92 silly install resolved      { docco: '*',
92 silly install resolved        eslint: '0.6.x',
92 silly install resolved        karma: '~0.12.31',
92 silly install resolved        'karma-qunit': '~0.1.4',
92 silly install resolved        'qunit-cli': '~0.2.0',
92 silly install resolved        'uglify-js': '2.4.x' },
92 silly install resolved     scripts:
92 silly install resolved      { test: 'npm run test-node && npm run lint',
92 silly install resolved        lint: 'eslint underscore.js test/*.js',
92 silly install resolved        'test-node': 'qunit-cli test/*.js',
92 silly install resolved        'test-browser': 'npm i karma-phantomjs-launcher && ./node_modules/karma/bin/karma start',
92 silly install resolved        build: 'uglifyjs underscore.js -c "evaluate=false" --comments "/    .*/" -m --source-map underscore-min.map -o underscore-min.js',
92 silly install resolved        doc: 'docco underscore.js' },
92 silly install resolved     license: 'MIT',
92 silly install resolved     files:
92 silly install resolved      [ 'underscore.js',
92 silly install resolved        'underscore-min.js',
92 silly install resolved        'underscore-min.map',
92 silly install resolved        'LICENSE' ],
92 silly install resolved     gitHead: 'e4743ab712b8ab42ad4ccb48b155034d02394e4d',
92 silly install resolved     bugs: { url: 'https://github.com/jashkenas/underscore/issues' },
92 silly install resolved     _id: 'underscore@1.8.3',
92 silly install resolved     _shasum: '4f3fb53b106e6097fcf9cb4109f2a5e9bdfa5022',
92 silly install resolved     _from: 'underscore@>=1.8.3 <2.0.0',
92 silly install resolved     _npmVersion: '1.4.28',
92 silly install resolved     _npmUser: { name: 'jashkenas', email: 'jashkenas@gmail.com' },
92 silly install resolved     maintainers: [ [Object] ],
92 silly install resolved     dist:
92 silly install resolved      { shasum: '4f3fb53b106e6097fcf9cb4109f2a5e9bdfa5022',
92 silly install resolved        tarball: 'http://registry.npmjs.org/underscore/-/underscore-1.8.3.tgz' },
92 silly install resolved     directories: {},
92 silly install resolved     _resolved: 'https://registry.npmjs.org/underscore/-/underscore-1.8.3.tgz',
92 silly install resolved     readme: 'ERROR: No README data found!' } ]
93 info install underscore@1.8.3 into /home/valentin/prog/EasyFlap/node_modules/rpi-433
94 info installOne underscore@1.8.3
95 verbose installOne of underscore to /home/valentin/prog/EasyFlap/node_modules/rpi-433 not in flight; installing
96 verbose lock using /home/valentin/.npm/_locks/underscore-3549a81b05d2b902.lock for /home/valentin/prog/EasyFlap/node_modules/rpi-433/node_modules/underscore
97 silly install write writing underscore 1.8.3 to /home/valentin/prog/EasyFlap/node_modules/rpi-433/node_modules/underscore
98 verbose unbuild node_modules/rpi-433/node_modules/underscore
99 silly gentlyRm /home/valentin/prog/EasyFlap/node_modules/rpi-433/node_modules/underscore is being purged from base /home/valentin/prog/EasyFlap
100 verbose gentlyRm don't care about contents; nuking /home/valentin/prog/EasyFlap/node_modules/rpi-433/node_modules/underscore
101 verbose tar unpack /home/valentin/.npm/underscore/1.8.3/package.tgz
102 verbose tar unpacking to /home/valentin/prog/EasyFlap/node_modules/rpi-433/node_modules/underscore
103 silly gentlyRm /home/valentin/prog/EasyFlap/node_modules/rpi-433/node_modules/underscore is being purged
104 verbose gentlyRm don't care about contents; nuking /home/valentin/prog/EasyFlap/node_modules/rpi-433/node_modules/underscore
105 silly gunzTarPerm modes [ '755', '644' ]
106 silly gunzTarPerm extractEntry package.json
107 silly gunzTarPerm extractEntry README.md
108 silly gunzTarPerm extractEntry LICENSE
109 silly gunzTarPerm extractEntry underscore.js
110 silly gunzTarPerm extractEntry underscore-min.js
111 silly gunzTarPerm extractEntry underscore-min.map
112 verbose write writing to /home/valentin/prog/EasyFlap/node_modules/rpi-433/node_modules/underscore/package.json
113 info preinstall underscore@1.8.3
114 verbose readDependencies loading dependencies from /home/valentin/prog/EasyFlap/node_modules/rpi-433/node_modules/underscore/package.json
115 verbose readDependencies loading dependencies from /home/valentin/prog/EasyFlap/node_modules/rpi-433/node_modules/underscore/package.json
116 silly install resolved []
117 verbose about to build /home/valentin/prog/EasyFlap/node_modules/rpi-433/node_modules/underscore
118 info build /home/valentin/prog/EasyFlap/node_modules/rpi-433/node_modules/underscore
119 info linkStuff underscore@1.8.3
120 silly linkStuff underscore@1.8.3 has /home/valentin/prog/EasyFlap/node_modules/rpi-433/node_modules as its parent node_modules
121 verbose linkBins underscore@1.8.3
122 verbose linkMans underscore@1.8.3
123 verbose rebuildBundles underscore@1.8.3
124 info install underscore@1.8.3
125 info postinstall underscore@1.8.3
126 verbose unlock done using /home/valentin/.npm/_locks/underscore-3549a81b05d2b902.lock for /home/valentin/prog/EasyFlap/node_modules/rpi-433/node_modules/underscore
127 verbose about to build /home/valentin/prog/EasyFlap/node_modules/rpi-433
128 info build /home/valentin/prog/EasyFlap/node_modules/rpi-433
129 info linkStuff rpi-433@1.1.1
130 silly linkStuff rpi-433@1.1.1 has /home/valentin/prog/EasyFlap/node_modules as its parent node_modules
131 verbose linkBins rpi-433@1.1.1
132 verbose linkMans rpi-433@1.1.1
133 verbose rebuildBundles rpi-433@1.1.1
134 verbose rebuildBundles [ 'underscore' ]
135 info install rpi-433@1.1.1
136 verbose unsafe-perm in lifecycle false
137 info rpi-433@1.1.1 Failed to exec install script
138 verbose unlock done using /home/valentin/.npm/_locks/rpi-433-fa806a612cc2ec2a.lock for /home/valentin/prog/EasyFlap/node_modules/rpi-433
139 verbose stack Error: rpi-433@1.1.1 install: `mkdir ./build && cd ./src && /usr/bin/make`
139 verbose stack Exit status 2
139 verbose stack     at EventEmitter.<anonymous> (/usr/lib/node_modules/npm/lib/utils/lifecycle.js:214:16)
139 verbose stack     at emitTwo (events.js:87:13)
139 verbose stack     at EventEmitter.emit (events.js:172:7)
139 verbose stack     at ChildProcess.<anonymous> (/usr/lib/node_modules/npm/lib/utils/spawn.js:24:14)
139 verbose stack     at emitTwo (events.js:87:13)
139 verbose stack     at ChildProcess.emit (events.js:172:7)
139 verbose stack     at maybeClose (internal/child_process.js:818:16)
139 verbose stack     at Process.ChildProcess._handle.onexit (internal/child_process.js:211:5)
140 verbose pkgid rpi-433@1.1.1
141 verbose cwd /home/valentin/prog/EasyFlap
142 error Linux 3.19.0-32-generic
143 error argv "/usr/bin/nodejs" "/usr/bin/npm" "install" "rpi-433"
144 error node v4.2.4
145 error npm  v2.14.12
146 error code ELIFECYCLE
147 error rpi-433@1.1.1 install: `mkdir ./build && cd ./src && /usr/bin/make`
147 error Exit status 2
148 error Failed at the rpi-433@1.1.1 install script 'mkdir ./build && cd ./src && /usr/bin/make'.
148 error This is most likely a problem with the rpi-433 package,
148 error not with npm itself.
148 error Tell the author that this fails on your system:
148 error     mkdir ./build && cd ./src && /usr/bin/make
148 error You can get their info via:
148 error     npm owner ls rpi-433
148 error There is likely additional logging output above.
149 verbose exit [ 1, true ]
150 verbose unbuild node_modules/rpi-433
151 info preuninstall rpi-433@1.1.1
152 info uninstall rpi-433@1.1.1
153 verbose unbuild rmStuff rpi-433@1.1.1 from /home/valentin/prog/EasyFlap/node_modules
154 info postuninstall rpi-433@1.1.1
155 silly gentlyRm /home/valentin/prog/EasyFlap/node_modules/rpi-433 is being purged from base /home/valentin/prog/EasyFlap
156 verbose gentlyRm don't care about contents; nuking /home/valentin/prog/EasyFlap/node_modules/rpi-433
157 silly vacuum-fs purging /home/valentin/prog/EasyFlap/node_modules/rpi-433
158 silly vacuum-fs removing /home/valentin/prog/EasyFlap/node_modules
159 silly vacuum-fs finished vacuuming up to /home/valentin/prog/EasyFlap
